<?xml version="1.0" encoding="UTF-8" ?>
<testsuite tests="1" failures="0" name="com.alesandro.AppTest" time="0.001" errors="0" skipped="0">
  <properties>
    <property name="java.vendor" value="IBM Corporation"/>
    <property name="sun.java.launcher" value="SUN_STANDARD"/>
    <property name="os.name" value="Windows 10"/>
    <property name="sun.boot.class.path" value="C:\Program Files\IBM\Java80\jre\bin\compressedrefs\jclSC180\vm.jar;C:\Program Files\IBM\Java80\jre\lib\se-service.jar;C:\Program Files\IBM\Java80\jre\lib\cuda4j.jar;C:\Program Files\IBM\Java80\jre\lib\math.jar;C:\Program Files\IBM\Java80\jre\lib\ibmorb.jar;C:\Program Files\IBM\Java80\jre\lib\ibmorbapi.jar;C:\Program Files\IBM\Java80\jre\lib\ibmcfw.jar;C:\Program Files\IBM\Java80\jre\lib\ibmpkcs.jar;C:\Program Files\IBM\Java80\jre\lib\ibmcertpathfw.jar;C:\Program Files\IBM\Java80\jre\lib\ibmjgssfw.jar;C:\Program Files\IBM\Java80\jre\lib\ibmjssefw.jar;C:\Program Files\IBM\Java80\jre\lib\ibmsaslfw.jar;C:\Program Files\IBM\Java80\jre\lib\ibmjcefw.jar;C:\Program Files\IBM\Java80\jre\lib\ibmjgssprovider.jar;C:\Program Files\IBM\Java80\jre\lib\ibmjsseprovider2.jar;C:\Program Files\IBM\Java80\jre\lib\ibmcertpathprovider.jar;C:\Program Files\IBM\Java80\jre\lib\xmldsigfw.jar;C:\Program Files\IBM\Java80\jre\lib\xml.jar;C:\Program Files\IBM\Java80\jre\lib\charsets.jar;C:\Program Files\IBM\Java80\jre\lib\resources.jar;C:\Program Files\IBM\Java80\jre\lib\rt.jar;C:\Program Files\IBM\Java80\jre\lib\dataaccess.jar"/>
    <property name="sun.desktop" value="windows"/>
    <property name="java.vm.specification.vendor" value="Oracle Corporation"/>
    <property name="java.runtime.version" value="pwa6480sr4fp2-20170322_01 (SR4 FP2)"/>
    <property name="user.name" value="ALESANDROMarques"/>
    <property name="java.compiler" value="j9jit28"/>
    <property name="os.encoding" value="UTF8"/>
    <property name="guice.disable.misplaced.annotation.check" value="true"/>
    <property name="com.ibm.util.extralibs.properties" value=""/>
    <property name="com.ibm.jcl.checkClassPath" value=""/>
    <property name="user.language" value="en"/>
    <property name="com.ibm.oti.vm.bootstrap.library.path" value="C:\Program Files\IBM\Java80\jre\bin\compressedrefs;C:\Program Files\IBM\Java80\jre\bin"/>
    <property name="sun.boot.library.path" value="C:\Program Files\IBM\Java80\jre\bin\compressedrefs;C:\Program Files\IBM\Java80\jre\bin"/>
    <property name="classworlds.conf" value="C:\Program Files (x86)\Apache\Maven\bin\..\bin\m2.conf"/>
    <property name="java.version" value="1.8.0"/>
    <property name="user.timezone" value="America/New_York"/>
    <property name="com.ibm.system.agent.path" value="C:\Program Files\IBM\Java80\jre\bin"/>
    <property name="sun.arch.data.model" value="64"/>
    <property name="com.ibm.zero.version" value="2"/>
    <property name="java.endorsed.dirs" value="C:\Program Files\IBM\Java80\jre\lib\endorsed"/>
    <property name="com.ibm.oti.vm.library.version" value="28"/>
    <property name="sun.jnu.encoding" value="Cp1252"/>
    <property name="file.encoding.pkg" value="sun.io"/>
    <property name="file.separator" value="\"/>
    <property name="java.specification.name" value="Java Platform API Specification"/>
    <property name="maven.conf" value="C:\Program Files (x86)\Apache\Maven\bin\../conf"/>
    <property name="com.ibm.packed.version" value="2"/>
    <property name="java.class.version" value="52.0"/>
    <property name="user.country" value="CA"/>
    <property name="java.home" value="C:\Program Files\IBM\Java80\jre"/>
    <property name="java.vm.info" value="JRE 1.8.0 Windows 10 amd64-64 Compressed References 20170314_340265 (JIT enabled, AOT enabled)
J9VM - R28_20170314_2309_B340265
JIT  - tr.r14.java.green_20170314_134138
GC   - R28_20170314_2309_B340265_CMPRSS
J9CL - 20170314_340265"/>
    <property name="os.version" value="10.0"/>
    <property name="java.awt.fonts" value=""/>
    <property name="path.separator" value=";"/>
    <property name="java.vm.version" value="2.8"/>
    <property name="user.variant" value=""/>
    <property name="console.encoding" value="Cp850"/>
    <property name="java.awt.printerjob" value="sun.awt.windows.WPrinterJob"/>
    <property name="sun.io.unicode.encoding" value="UnicodeLittle"/>
    <property name="awt.toolkit" value="sun.awt.windows.WToolkit"/>
    <property name="ibm.signalhandling.sigint" value="true"/>
    <property name="user.home" value="C:\Users\ALESANDROMarques"/>
    <property name="com.ibm.cpu.endian" value="little"/>
    <property name="java.specification.vendor" value="Oracle Corporation"/>
    <property name="ibm.signalhandling.sigchain" value="true"/>
    <property name="library.jansi.path" value="C:\Program Files (x86)\Apache\Maven\bin\..\lib\jansi-native\windows64"/>
    <property name="java.library.path" value="C:\Program Files\IBM\Java80\jre\bin\compressedrefs;C:\Program Files\IBM\Java80\jre\bin;C:\windows\system32;C:\windows;C:\Program Files\Docker\Docker\Resources\bin;C:\ProgramData\Oracle\Java\javapath;C:\Program Files\IBM\Java80\bin;C:\windows\system32;C:\windows;C:\windows\System32\Wbem;C:\windows\System32\WindowsPowerShell\v1.0\;C:\Program Files\Git\cmd;C:\Program Files (x86)\Apache\Maven\bin;C:\Program Files\ibm\gsk8\lib64;C:\Program Files (x86)\ibm\gsk8\lib;C:\PROGRA~1\IBM\SQLLIB\BIN;C:\PROGRA~1\IBM\SQLLIB\FUNCTION;C:\PROGRA~1\IBM\SQLLIB\SAMPLES\REPL;C:\Users\ALESANDROMarques\AppData\Local\Microsoft\WindowsApps;;."/>
    <property name="java.vendor.url" value="http://www.ibm.com/"/>
    <property name="java.vm.vendor" value="IBM Corporation"/>
    <property name="java.fullversion" value="JRE 1.8.0 IBM J9 2.8 Windows 10 amd64-64 Compressed References 20170314_340265 (JIT enabled, AOT enabled)
J9VM - R28_20170314_2309_B340265
JIT  - tr.r14.java.green_20170314_134138
GC   - R28_20170314_2309_B340265_CMPRSS
J9CL - 20170314_340265"/>
    <property name="maven.home" value="C:\Program Files (x86)\Apache\Maven\bin\.."/>
    <property name="java.runtime.name" value="Java(TM) SE Runtime Environment"/>
    <property name="sun.java.command" value="org.codehaus.plexus.classworlds.launcher.Launcher clean package"/>
    <property name="java.class.path" value="C:\Program Files (x86)\Apache\Maven\bin\..\boot\plexus-classworlds-2.5.2.jar"/>
    <property name="java.vm.specification.name" value="Java Virtual Machine Specification"/>
    <property name="java.vm.specification.version" value="1.8"/>
    <property name="sun.cpu.endian" value="little"/>
    <property name="java.io.tmpdir" value="C:\Users\ALESAN~1\AppData\Local\Temp\"/>
    <property name="maven.multiModuleProjectDirectory" value="C:\Users\ALESANDROMarques\IdeaProjects\mvn-practice-\mvn-helper-project"/>
    <property name="ibm.system.encoding" value="Cp1252"/>
    <property name="os.arch" value="amd64"/>
    <property name="java.awt.graphicsenv" value="sun.awt.Win32GraphicsEnvironment"/>
    <property name="ibm.signalhandling.rs" value="false"/>
    <property name="java.ext.dirs" value="C:\Program Files\IBM\Java80\jre\lib\ext"/>
    <property name="user.dir" value="C:\Users\ALESANDROMarques\IdeaProjects\mvn-practice-\mvn-helper-project"/>
    <property name="line.separator" value="
"/>
    <property name="java.vm.name" value="IBM J9 VM"/>
    <property name="com.ibm.oti.shared.enabled" value="false"/>
    <property name="com.ibm.vm.bitmode" value="64"/>
    <property name="file.encoding" value="Cp1252"/>
    <property name="com.ibm.oti.configuration" value="scar"/>
    <property name="java.specification.version" value="1.8"/>
    <property name="com.ibm.oti.jcl.build" value="20170314_340265"/>
  </properties>
  <testcase classname="com.alesandro.AppTest" name="testApp" time="0.001"/>
</testsuite>